<?xml version="1.0" encoding="UTF-8"?>
<testsuite xmlns:xsi="http://www.w3.org/2001/XMLSchema-instance" xsi:schemaLocation="https://maven.apache.org/surefire/maven-surefire-plugin/xsd/surefire-test-report.xsd" name="TestSuite" time="864.937" tests="5" errors="0" skipped="0" failures="4">
  <properties>
    <property name="java.runtime.name" value="Java(TM) SE Runtime Environment"/>
    <property name="sun.boot.library.path" value="C:\Program Files\Java\jdk1.8.0_91\jre\bin"/>
    <property name="java.vm.version" value="25.91-b14"/>
    <property name="java.vm.vendor" value="Oracle Corporation"/>
    <property name="maven.multiModuleProjectDirectory" value="E:\LBS5.5.9"/>
    <property name="java.vendor.url" value="http://java.oracle.com/"/>
    <property name="path.separator" value=";"/>
    <property name="guice.disable.misplaced.annotation.check" value="true"/>
    <property name="java.vm.name" value="Java HotSpot(TM) 64-Bit Server VM"/>
    <property name="file.encoding.pkg" value="sun.io"/>
    <property name="user.script" value=""/>
    <property name="user.country" value="CN"/>
    <property name="sun.java.launcher" value="SUN_STANDARD"/>
    <property name="sun.os.patch.level" value=""/>
    <property name="java.vm.specification.name" value="Java Virtual Machine Specification"/>
    <property name="user.dir" value="E:\LBS5.5.9"/>
    <property name="java.runtime.version" value="1.8.0_91-b14"/>
    <property name="java.awt.graphicsenv" value="sun.awt.Win32GraphicsEnvironment"/>
    <property name="java.endorsed.dirs" value="C:\Program Files\Java\jdk1.8.0_91\jre\lib\endorsed"/>
    <property name="os.arch" value="amd64"/>
    <property name="java.io.tmpdir" value="C:\Users\ADMINI~1\AppData\Local\Temp\"/>
    <property name="line.separator" value="&#10;"/>
    <property name="java.vm.specification.vendor" value="Oracle Corporation"/>
    <property name="user.variant" value=""/>
    <property name="os.name" value="Windows 10"/>
    <property name="classworlds.conf" value="F:\maven\bin\..\bin\m2.conf"/>
    <property name="sun.jnu.encoding" value="GBK"/>
    <property name="java.library.path" value="C:\Program Files\Java\jdk1.8.0_91\bin;C:\Windows\Sun\Java\bin;C:\Windows\system32;C:\Windows;C:\Users\Administrator\AppData\Local\Programs\Python\Python36-32\;C:\Users\Administrator\AppData\Local\Programs\Python\Python36-32\Scripts;C:\ProgramData\Oracle\Java\javapath;C:\Windows\system32;C:\Windows;C:\Windows\System32\Wbem;C:\Windows\System32\WindowsPowerShell\v1.0\;C:\Program Files\Java\jdk1.8.0_91\bin;C:\Program Files\nodejs\;C:\strawberry\c\bin;C:\strawberry\perl\bin;F:\maven\bin;C:\Program Files\TortoiseSVN\bin;F:\Program Files\Git\cmd;C:\Users\Administrator\AppData\Local\Programs\Python\Python36-32\Scripts\;C:\Users\Administrator\AppData\Local\Programs\Python\Python36-32\;C:\Users\Administrator\AppData\Roaming\npm;C:\Program Files\MySQL\mysql-5.6.26-winx64\bin;E:\Android\android-sdk\platform-tools;E:\Android\android-sdk\tools;E:\Appium\node_modules\.bin\;E:\Android\android-sdk\build-tools\27.0.3;."/>
    <property name="maven.conf" value="F:\maven\bin\../conf"/>
    <property name="java.specification.name" value="Java Platform API Specification"/>
    <property name="java.class.version" value="52.0"/>
    <property name="sun.management.compiler" value="HotSpot 64-Bit Tiered Compilers"/>
    <property name="os.version" value="10.0"/>
    <property name="library.jansi.path" value="F:\maven\bin\..\lib\jansi-native"/>
    <property name="user.home" value="C:\Users\Administrator"/>
    <property name="user.timezone" value="Asia/Shanghai"/>
    <property name="java.awt.printerjob" value="sun.awt.windows.WPrinterJob"/>
    <property name="java.specification.version" value="1.8"/>
    <property name="file.encoding" value="GBK"/>
    <property name="user.name" value="Administrator"/>
    <property name="java.class.path" value="F:\maven\bin\..\boot\plexus-classworlds-2.5.2.jar"/>
    <property name="java.vm.specification.version" value="1.8"/>
    <property name="sun.arch.data.model" value="64"/>
    <property name="java.home" value="C:\Program Files\Java\jdk1.8.0_91\jre"/>
    <property name="sun.java.command" value="org.codehaus.plexus.classworlds.launcher.Launcher clean test"/>
    <property name="java.specification.vendor" value="Oracle Corporation"/>
    <property name="user.language" value="zh"/>
    <property name="awt.toolkit" value="sun.awt.windows.WToolkit"/>
    <property name="java.vm.info" value="mixed mode"/>
    <property name="java.version" value="1.8.0_91"/>
    <property name="java.ext.dirs" value="C:\Program Files\Java\jdk1.8.0_91\jre\lib\ext;C:\Windows\Sun\Java\lib\ext"/>
    <property name="sun.boot.class.path" value="C:\Program Files\Java\jdk1.8.0_91\jre\lib\resources.jar;C:\Program Files\Java\jdk1.8.0_91\jre\lib\rt.jar;C:\Program Files\Java\jdk1.8.0_91\jre\lib\sunrsasign.jar;C:\Program Files\Java\jdk1.8.0_91\jre\lib\jsse.jar;C:\Program Files\Java\jdk1.8.0_91\jre\lib\jce.jar;C:\Program Files\Java\jdk1.8.0_91\jre\lib\charsets.jar;C:\Program Files\Java\jdk1.8.0_91\jre\lib\jfr.jar;C:\Program Files\Java\jdk1.8.0_91\jre\classes"/>
    <property name="sun.stderr.encoding" value="ms936"/>
    <property name="java.vendor" value="Oracle Corporation"/>
    <property name="maven.home" value="F:\maven\bin\.."/>
    <property name="file.separator" value="\"/>
    <property name="java.vendor.url.bug" value="http://bugreport.sun.com/bugreport/"/>
    <property name="sun.cpu.endian" value="little"/>
    <property name="sun.io.unicode.encoding" value="UnicodeLittle"/>
    <property name="sun.stdout.encoding" value="ms936"/>
    <property name="sun.desktop" value="windows"/>
    <property name="sun.cpu.isalist" value="amd64"/>
  </properties>
  <testcase name="checkManSayHILanjie3" classname="com.dsjy.testcase.testcase" time="121.637">
    <failure message="An element could not be located on the page using the given search parameters. (WARNING: The server did not provide any stacktrace information)&#10;Command duration or timeout: 0 milliseconds&#10;For documentation on this error, please visit: http://seleniumhq.org/exceptions/no_such_element.html&#10;Build info: version: &apos;3.14.0&apos;, revision: &apos;aacccce0&apos;, time: &apos;2018-08-02T20:19:58.91Z&apos;&#10;System info: host: &apos;SC-201512161950&apos;, ip: &apos;192.168.123.41&apos;, os.name: &apos;Windows 10&apos;, os.arch: &apos;amd64&apos;, os.version: &apos;10.0&apos;, java.version: &apos;1.8.0_91&apos;&#10;Driver info: io.appium.java_client.android.AndroidDriver&#10;Capabilities {app: E:\dsjy.apk, appActivity: com.app.ui.activity.Welcome..., appPackage: com.huizheng.lasq, appWaitActivity: com.app.ui.activity.Welcome..., appWaitPackage: com.huizheng.lasq, databaseEnabled: false, desired: {app: E:\dsjy.apk, deviceName: DU2SSE148L041137, platformName: Android, platformVersion: 4.4.2, resetKeyboard: true, unicodeKeyboard: true}, deviceManufacturer: HUAWEI, deviceModel: H60-L01, deviceName: DU2SSE148L041137, deviceScreenSize: 1080x1920, deviceUDID: DU2SSE148L041137, javascriptEnabled: true, locationContextEnabled: false, networkConnectionEnabled: true, platform: LINUX, platformName: LINUX, platformVersion: 4.4.2, resetKeyboard: true, takesScreenshot: true, unicodeKeyboard: true, warnings: {}, webStorageEnabled: false}&#10;Session ID: 3e54c8d0-a0a9-441d-ba1e-74fc5adfba65&#10;*** Element info: {Using=xpath, value=/hierarchy/android.widget.FrameLayout/android.widget.LinearLayout/android.widget.FrameLayout/android.widget.FrameLayout/android.widget.LinearLayout/android.widget.RelativeLayout/android.widget.RelativeLayout/android.widget.FrameLayout/android.widget.FrameLayout/android.widget.FrameLayout[3]/android.widget.FrameLayout[3]/android.widget.FrameLayout/android.widget.FrameLayout/android.widget.FrameLayout}" type="org.openqa.selenium.NoSuchElementException">org.openqa.selenium.NoSuchElementException: 
An element could not be located on the page using the given search parameters. (WARNING: The server did not provide any stacktrace information)
Command duration or timeout: 0 milliseconds
For documentation on this error, please visit: http://seleniumhq.org/exceptions/no_such_element.html
Build info: version: '3.14.0', revision: 'aacccce0', time: '2018-08-02T20:19:58.91Z'
System info: host: 'SC-201512161950', ip: '192.168.123.41', os.name: 'Windows 10', os.arch: 'amd64', os.version: '10.0', java.version: '1.8.0_91'
Driver info: io.appium.java_client.android.AndroidDriver
Capabilities {app: E:\dsjy.apk, appActivity: com.app.ui.activity.Welcome..., appPackage: com.huizheng.lasq, appWaitActivity: com.app.ui.activity.Welcome..., appWaitPackage: com.huizheng.lasq, databaseEnabled: false, desired: {app: E:\dsjy.apk, deviceName: DU2SSE148L041137, platformName: Android, platformVersion: 4.4.2, resetKeyboard: true, unicodeKeyboard: true}, deviceManufacturer: HUAWEI, deviceModel: H60-L01, deviceName: DU2SSE148L041137, deviceScreenSize: 1080x1920, deviceUDID: DU2SSE148L041137, javascriptEnabled: true, locationContextEnabled: false, networkConnectionEnabled: true, platform: LINUX, platformName: LINUX, platformVersion: 4.4.2, resetKeyboard: true, takesScreenshot: true, unicodeKeyboard: true, warnings: {}, webStorageEnabled: false}
Session ID: 3e54c8d0-a0a9-441d-ba1e-74fc5adfba65
*** Element info: {Using=xpath, value=/hierarchy/android.widget.FrameLayout/android.widget.LinearLayout/android.widget.FrameLayout/android.widget.FrameLayout/android.widget.LinearLayout/android.widget.RelativeLayout/android.widget.RelativeLayout/android.widget.FrameLayout/android.widget.FrameLayout/android.widget.FrameLayout[3]/android.widget.FrameLayout[3]/android.widget.FrameLayout/android.widget.FrameLayout/android.widget.FrameLayout}
	at com.dsjy.testcase.testcase.checkManSayHILanjie3(testcase.java:323)
</failure>
    <system-out><![CDATA[ Executing on 单身交友
]]></system-out>
    <system-err><![CDATA[Nov 15, 2018 3:12:31 PM org.openqa.selenium.remote.ProtocolHandshake createSession
INFO: Detected dialect: OSS
]]></system-err>
  </testcase>
  <testcase name="checkManSayHILanjie1" classname="com.dsjy.testcase.testcase" time="205.216">
    <failure message="Expected condition failed: waiting for element to be clickable: Proxy element for: DefaultElementLocator &apos;By.xpath: //android.widget.Button[@content-desc=&quot;返回&quot;]&apos; (tried for 60 second(s) with 500 MILLISECONDS interval)" type="org.openqa.selenium.TimeoutException">org.openqa.selenium.TimeoutException: Expected condition failed: waiting for element to be clickable: Proxy element for: DefaultElementLocator 'By.xpath: //android.widget.Button[@content-desc="返回"]' (tried for 60 second(s) with 500 MILLISECONDS interval)
	at com.dsjy.testcase.testcase.checkManSayHILanjie1(testcase.java:329)
Caused by: org.openqa.selenium.NoSuchElementException: 
An element could not be located on the page using the given search parameters. (WARNING: The server did not provide any stacktrace information)
Command duration or timeout: 0 milliseconds
For documentation on this error, please visit: http://seleniumhq.org/exceptions/no_such_element.html
Build info: version: '3.14.0', revision: 'aacccce0', time: '2018-08-02T20:19:58.91Z'
System info: host: 'SC-201512161950', ip: '192.168.123.41', os.name: 'Windows 10', os.arch: 'amd64', os.version: '10.0', java.version: '1.8.0_91'
Driver info: io.appium.java_client.android.AndroidDriver
Capabilities {app: E:\dsjy.apk, appActivity: com.app.ui.activity.Welcome..., appPackage: com.huizheng.lasq, appWaitActivity: com.app.ui.activity.Welcome..., appWaitPackage: com.huizheng.lasq, databaseEnabled: false, desired: {app: E:\dsjy.apk, deviceName: DU2SSE148L041137, platformName: Android, platformVersion: 4.4.2, resetKeyboard: true, unicodeKeyboard: true}, deviceManufacturer: HUAWEI, deviceModel: H60-L01, deviceName: DU2SSE148L041137, deviceScreenSize: 1080x1920, deviceUDID: DU2SSE148L041137, javascriptEnabled: true, locationContextEnabled: false, networkConnectionEnabled: true, platform: LINUX, platformName: LINUX, platformVersion: 4.4.2, resetKeyboard: true, takesScreenshot: true, unicodeKeyboard: true, warnings: {}, webStorageEnabled: false}
Session ID: 3e54c8d0-a0a9-441d-ba1e-74fc5adfba65
*** Element info: {Using=xpath, value=//android.widget.Button[@content-desc="返回"]}
	at com.dsjy.testcase.testcase.checkManSayHILanjie1(testcase.java:329)
</failure>
    <system-out><![CDATA[GetScreenshot Successful   E:\LBS5.5.9\test-output\com.dsjy.testcase.testcasecheckManSayHILanjie3.jpg
]]></system-out>
  </testcase>
  <testcase name="checkManBuyVip3" classname="com.dsjy.testcase.testcase" time="189.978">
    <failure message="Expected condition failed: waiting for element to be clickable: Proxy element for: DefaultElementLocator &apos;By.xpath: //android.widget.Button[@content-desc=&quot;返回&quot;]&apos; (tried for 60 second(s) with 500 MILLISECONDS interval)" type="org.openqa.selenium.TimeoutException">org.openqa.selenium.TimeoutException: Expected condition failed: waiting for element to be clickable: Proxy element for: DefaultElementLocator 'By.xpath: //android.widget.Button[@content-desc="返回"]' (tried for 60 second(s) with 500 MILLISECONDS interval)
	at com.dsjy.testcase.testcase.checkManBuyVip3(testcase.java:335)
Caused by: org.openqa.selenium.NoSuchElementException: 
An element could not be located on the page using the given search parameters. (WARNING: The server did not provide any stacktrace information)
Command duration or timeout: 0 milliseconds
For documentation on this error, please visit: http://seleniumhq.org/exceptions/no_such_element.html
Build info: version: '3.14.0', revision: 'aacccce0', time: '2018-08-02T20:19:58.91Z'
System info: host: 'SC-201512161950', ip: '192.168.123.41', os.name: 'Windows 10', os.arch: 'amd64', os.version: '10.0', java.version: '1.8.0_91'
Driver info: io.appium.java_client.android.AndroidDriver
Capabilities {app: E:\dsjy.apk, appActivity: com.app.ui.activity.Welcome..., appPackage: com.huizheng.lasq, appWaitActivity: com.app.ui.activity.Welcome..., appWaitPackage: com.huizheng.lasq, databaseEnabled: false, desired: {app: E:\dsjy.apk, deviceName: DU2SSE148L041137, platformName: Android, platformVersion: 4.4.2, resetKeyboard: true, unicodeKeyboard: true}, deviceManufacturer: HUAWEI, deviceModel: H60-L01, deviceName: DU2SSE148L041137, deviceScreenSize: 1080x1920, deviceUDID: DU2SSE148L041137, javascriptEnabled: true, locationContextEnabled: false, networkConnectionEnabled: true, platform: LINUX, platformName: LINUX, platformVersion: 4.4.2, resetKeyboard: true, takesScreenshot: true, unicodeKeyboard: true, warnings: {}, webStorageEnabled: false}
Session ID: 3e54c8d0-a0a9-441d-ba1e-74fc5adfba65
*** Element info: {Using=xpath, value=//android.widget.Button[@content-desc="返回"]}
	at com.dsjy.testcase.testcase.checkManBuyVip3(testcase.java:335)
</failure>
    <system-out><![CDATA[GetScreenshot Successful   E:\LBS5.5.9\test-output\com.dsjy.testcase.testcasecheckManSayHILanjie1.jpg
]]></system-out>
  </testcase>
  <testcase name="checkManBuyBean3" classname="com.dsjy.testcase.testcase" time="215.039">
    <failure message="Expected condition failed: waiting for element to be clickable: Proxy element for: DefaultElementLocator &apos;By.xpath: //android.widget.Button[@content-desc=&quot;返回&quot;]&apos; (tried for 60 second(s) with 500 MILLISECONDS interval)" type="org.openqa.selenium.TimeoutException">org.openqa.selenium.TimeoutException: Expected condition failed: waiting for element to be clickable: Proxy element for: DefaultElementLocator 'By.xpath: //android.widget.Button[@content-desc="返回"]' (tried for 60 second(s) with 500 MILLISECONDS interval)
	at com.dsjy.testcase.testcase.checkManBuyBean3(testcase.java:340)
Caused by: org.openqa.selenium.NoSuchElementException: 
An element could not be located on the page using the given search parameters. (WARNING: The server did not provide any stacktrace information)
Command duration or timeout: 0 milliseconds
For documentation on this error, please visit: http://seleniumhq.org/exceptions/no_such_element.html
Build info: version: '3.14.0', revision: 'aacccce0', time: '2018-08-02T20:19:58.91Z'
System info: host: 'SC-201512161950', ip: '192.168.123.41', os.name: 'Windows 10', os.arch: 'amd64', os.version: '10.0', java.version: '1.8.0_91'
Driver info: io.appium.java_client.android.AndroidDriver
Capabilities {app: E:\dsjy.apk, appActivity: com.app.ui.activity.Welcome..., appPackage: com.huizheng.lasq, appWaitActivity: com.app.ui.activity.Welcome..., appWaitPackage: com.huizheng.lasq, databaseEnabled: false, desired: {app: E:\dsjy.apk, deviceName: DU2SSE148L041137, platformName: Android, platformVersion: 4.4.2, resetKeyboard: true, unicodeKeyboard: true}, deviceManufacturer: HUAWEI, deviceModel: H60-L01, deviceName: DU2SSE148L041137, deviceScreenSize: 1080x1920, deviceUDID: DU2SSE148L041137, javascriptEnabled: true, locationContextEnabled: false, networkConnectionEnabled: true, platform: LINUX, platformName: LINUX, platformVersion: 4.4.2, resetKeyboard: true, takesScreenshot: true, unicodeKeyboard: true, warnings: {}, webStorageEnabled: false}
Session ID: 3e54c8d0-a0a9-441d-ba1e-74fc5adfba65
*** Element info: {Using=xpath, value=//android.widget.Button[@content-desc="返回"]}
	at com.dsjy.testcase.testcase.checkManBuyBean3(testcase.java:340)
</failure>
    <system-out><![CDATA[GetScreenshot Successful   E:\LBS5.5.9\test-output\com.dsjy.testcase.testcasecheckManBuyVip3.jpg
]]></system-out>
  </testcase>
  <testcase name="checkWomenRegiste1" classname="com.dsjy.testcase.testcase" time="64.496"/>
</testsuite>