<?xml version="1.0" encoding="UTF-8"?>
<!-- Generated by org.testng.reporters.JUnitReportReporter -->
<testsuite skipped="0" hostname="SC-201512161950" name="com.lasq.testcase.testcase" tests="1" failures="0" timestamp="08 Nov 2018 08:31:36 GMT" time="118.111" errors="0">
  <testcase name="checkSayHi" time="118.111" classname="com.lasq.testcase.testcase"/>
</testsuite> <!-- com.lasq.testcase.testcase -->
