<?xml version="1.0" encoding="UTF-8"?>
<!-- Generated by org.testng.reporters.JUnitReportReporter -->
<testsuite skipped="0" hostname="SC-201512161950" name="com.lasq.testcase.testcase" tests="1" failures="0" timestamp="29 Oct 2018 07:35:17 GMT" time="72.189" errors="0">
  <testcase name="checkManRegisteNear3" time="72.189" classname="com.lasq.testcase.testcase"/>
</testsuite> <!-- com.lasq.testcase.testcase -->
