<?xml version="1.0" encoding="UTF-8"?>
<!-- Generated by org.testng.reporters.JUnitReportReporter -->
<testsuite skipped="0" hostname="SC-201512161950" name="com.lasq.testcase.testcase" tests="2" failures="0" timestamp="25 Apr 2019 11:03:04 GMT" time="40.046" errors="0">
  <testcase name="checkProtocal" time="20.441" classname="com.lasq.testcase.testcase"/>
  <testcase name="checkProtocal" time="19.605" classname="com.lasq.testcase.testcase"/>
</testsuite> <!-- com.lasq.testcase.testcase -->
