<?xml version="1.0" encoding="UTF-8"?>
<!-- Generated by org.testng.reporters.JUnitReportReporter -->
<testsuite skipped="0" hostname="SC-201512161950" name="com.plp.testcase.testcase" tests="2" failures="0" timestamp="19 Nov 2018 03:55:59 GMT" time="295.976" errors="0">
  <testcase name="checkVIPMianMi" time="142.564" classname="com.plp.testcase.testcase"/>
  <testcase name="checkLetterMianMi" time="153.412" classname="com.plp.testcase.testcase"/>
</testsuite> <!-- com.plp.testcase.testcase -->
