<?xml version="1.0" encoding="UTF-8"?>
<!-- Generated by org.testng.reporters.JUnitReportReporter -->
<testsuite skipped="0" hostname="SC-201512161950" name="com.lasq.testcase.testcase" tests="1" failures="0" timestamp="31 Oct 2018 07:21:21 GMT" time="244.013" errors="0">
  <testcase name="checkBeanList1" time="244.013" classname="com.lasq.testcase.testcase"/>
</testsuite> <!-- com.lasq.testcase.testcase -->
